/usr/bin/bashtop: line 660: ((: <80 | <24: syntax error: operand expected (error token is "<80 | <24")
stty: 'standard input': Inappropriate ioctl for device
stty: 'standard input': Inappropriate ioctl for device
/usr/bin/bashtop: line 660: ((: <80 | <24: syntax error: operand expected (error token is "<80 | <24")
stty: 'standard input': Inappropriate ioctl for device
stty: 'standard input': Inappropriate ioctl for device
/usr/bin/bashtop: line 660: ((: <80 | <24: syntax error: operand expected (error token is "<80 | <24")
stty: 'standard input': Inappropriate ioctl for device
stty: 'standard input': Inappropriate ioctl for device
/usr/bin/bashtop: line 660: ((: <80 | <24: syntax error: operand expected (error token is "<80 | <24")
stty: 'standard input': Inappropriate ioctl for device
stty: 'standard input': Inappropriate ioctl for device
/usr/bin/bashtop: line 660: ((: <80 | <24: syntax error: operand expected (error token is "<80 | <24")
stty: 'standard input': Inappropriate ioctl for device
stty: 'standard input': Inappropriate ioctl for device
/usr/bin/bashtop: line 660: ((: <80 | <24: syntax error: operand expected (error token is "<80 | <24")
stty: 'standard input': Inappropriate ioctl for device
stty: 'standard input': Inappropriate ioctl for device
/usr/bin/bashtop: line 660: ((: <80 | <24: syntax error: operand expected (error token is "<80 | <24")
stty: 'standard input': Inappropriate ioctl for device
stty: 'standard input': Inappropriate ioctl for device
/usr/bin/bashtop: line 660: ((: <80 | <24: syntax error: operand expected (error token is "<80 | <24")
stty: 'standard input': Inappropriate ioctl for device
stty: 'standard input': Inappropriate ioctl for device
/usr/bin/bashtop: line 660: ((: <80 | <24: syntax error: operand expected (error token is "<80 | <24")
stty: 'standard input': Inappropriate ioctl for device
stty: 'standard input': Inappropriate ioctl for device
/usr/bin/bashtop: line 660: ((: <80 | <24: syntax error: operand expected (error token is "<80 | <24")
stty: 'standard input': Inappropriate ioctl for device
stty: 'standard input': Inappropriate ioctl for device
/usr/bin/bashtop: line 660: ((: <80 | <24: syntax error: operand expected (error token is "<80 | <24")
stty: 'standard input': Inappropriate ioctl for device
stty: 'standard input': Inappropriate ioctl for device
/usr/bin/bashtop: line 660: ((: <80 | <24: syntax error: operand expected (error token is "<80 | <24")
stty: 'standard input': Inappropriate ioctl for device
stty: 'standard input': Inappropriate ioctl for device
/usr/bin/bashtop: line 660: ((: <80 | <24: syntax error: operand expected (error token is "<80 | <24")
stty: 'standard input': Inappropriate ioctl for device
stty: 'standard input': Inappropriate ioctl for device
/usr/bin/bashtop: line 660: ((: <80 | <24: syntax error: operand expected (error token is "<80 | <24")
stty: 'standard input': Inappropriate ioctl for device
stty: 'standard input': Inappropriate ioctl for device
/usr/bin/bashtop: line 660: ((: <80 | <24: syntax error: operand expected (error token is "<80 | <24")
stty: 'standard input': Inappropriate ioctl for device
stty: 'standard input': Inappropriate ioctl for device
/usr/bin/bashtop: line 660: ((: <80 | <24: syntax error: operand expected (error token is "<80 | <24")
stty: 'standard input': Inappropriate ioctl for device
stty: 'standard input': Inappropriate ioctl for device
/usr/bin/bashtop: line 660: ((: <80 | <24: syntax error: operand expected (error token is "<80 | <24")
stty: 'standard input': Inappropriate ioctl for device
stty: 'standard input': Inappropriate ioctl for device
/usr/bin/bashtop: line 660: ((: <80 | <24: syntax error: operand expected (error token is "<80 | <24")
stty: 'standard input': Inappropriate ioctl for device
stty: 'standard input': Inappropriate ioctl for device
/usr/bin/bashtop: line 660: ((: <80 | <24: syntax error: operand expected (error token is "<80 | <24")
stty: 'standard input': Inappropriate ioctl for device
stty: 'standard input': Inappropriate ioctl for device
/usr/bin/bashtop: line 660: ((: <80 | <24: syntax error: operand expected (error token is "<80 | <24")
stty: 'standard input': Inappropriate ioctl for device
stty: 'standard input': Inappropriate ioctl for device
/usr/bin/bashtop: line 660: ((: <80 | <24: syntax error: operand expected (error token is "<80 | <24")
stty: 'standard input': Inappropriate ioctl for device
stty: 'standard input': Inappropriate ioctl for device
/usr/bin/bashtop: line 660: ((: <80 | <24: syntax error: operand expected (error token is "<80 | <24")
stty: 'standard input': Inappropriate ioctl for device
stty: 'standard input': Inappropriate ioctl for device
/usr/bin/bashtop: line 660: ((: <80 | <24: syntax error: operand expected (error token is "<80 | <24")
stty: 'standard input': Inappropriate ioctl for device
stty: 'standard input': Inappropriate ioctl for device
/usr/bin/bashtop: line 660: ((: <80 | <24: syntax error: operand expected (error token is "<80 | <24")
stty: 'standard input': Inappropriate ioctl for device
stty: 'standard input': Inappropriate ioctl for device
/usr/bin/bashtop: line 660: ((: <80 | <24: syntax error: operand expected (error token is "<80 | <24")
stty: 'standard input': Inappropriate ioctl for device
stty: 'standard input': Inappropriate ioctl for device
/usr/bin/bashtop: line 660: ((: <80 | <24: syntax error: operand expected (error token is "<80 | <24")
stty: 'standard input': Inappropriate ioctl for device
stty: 'standard input': Inappropriate ioctl for device
/usr/bin/bashtop: line 660: ((: <80 | <24: syntax error: operand expected (error token is "<80 | <24")
stty: 'standard input': Inappropriate ioctl for device
stty: 'standard input': Inappropriate ioctl for device
/usr/bin/bashtop: line 660: ((: <80 | <24: syntax error: operand expected (error token is "<80 | <24")
stty: 'standard input': Inappropriate ioctl for device
stty: 'standard input': Inappropriate ioctl for device
/usr/bin/bashtop: line 660: ((: <80 | <24: syntax error: operand expected (error token is "<80 | <24")
stty: 'standard input': Inappropriate ioctl for device
stty: 'standard input': Inappropriate ioctl for device
/usr/bin/bashtop: line 660: ((: <80 | <24: syntax error: operand expected (error token is "<80 | <24")
stty: 'standard input': Inappropriate ioctl for device
stty: 'standard input': Inappropriate ioctl for device
/usr/bin/bashtop: line 660: ((: <80 | <24: syntax error: operand expected (error token is "<80 | <24")
stty: 'standard input': Inappropriate ioctl for device
stty: 'standard input': Inappropriate ioctl for device
/usr/bin/bashtop: line 660: ((: <80 | <24: syntax error: operand expected (error token is "<80 | <24")
stty: 'standard input': Inappropriate ioctl for device
stty: 'standard input': Inappropriate ioctl for device
/usr/bin/bashtop: line 660: ((: <80 | <24: syntax error: operand expected (error token is "<80 | <24")
stty: 'standard input': Inappropriate ioctl for device
stty: 'standard input': Inappropriate ioctl for device
/usr/bin/bashtop: line 660: ((: <80 | <24: syntax error: operand expected (error token is "<80 | <24")
stty: 'standard input': Inappropriate ioctl for device
stty: 'standard input': Inappropriate ioctl for device
/usr/bin/bashtop: line 660: ((: <80 | <24: syntax error: operand expected (error token is "<80 | <24")
stty: 'standard input': Inappropriate ioctl for device
stty: 'standard input': Inappropriate ioctl for device
/usr/bin/bashtop: line 660: ((: <80 | <24: syntax error: operand expected (error token is "<80 | <24")
stty: 'standard input': Inappropriate ioctl for device
stty: 'standard input': Inappropriate ioctl for device
/usr/bin/bashtop: line 660: ((: <80 | <24: syntax error: operand expected (error token is "<80 | <24")
stty: 'standard input': Inappropriate ioctl for device
stty: 'standard input': Inappropriate ioctl for device
/usr/bin/bashtop: line 660: ((: <80 | <24: syntax error: operand expected (error token is "<80 | <24")
stty: 'standard input': Inappropriate ioctl for device
stty: 'standard input': Inappropriate ioctl for device
/usr/bin/bashtop: line 660: ((: <80 | <24: syntax error: operand expected (error token is "<80 | <24")
stty: 'standard input': Inappropriate ioctl for device
stty: 'standard input': Inappropriate ioctl for device
/usr/bin/bashtop: line 660: ((: <80 | <24: syntax error: operand expected (error token is "<80 | <24")
stty: 'standard input': Inappropriate ioctl for device
stty: 'standard input': Inappropriate ioctl for device
/usr/bin/bashtop: line 660: ((: <80 | <24: syntax error: operand expected (error token is "<80 | <24")
stty: 'standard input': Inappropriate ioctl for device
stty: 'standard input': Inappropriate ioctl for device
/usr/bin/bashtop: line 660: ((: <80 | <24: syntax error: operand expected (error token is "<80 | <24")
stty: 'standard input': Inappropriate ioctl for device
stty: 'standard input': Inappropriate ioctl for device
/usr/bin/bashtop: line 660: ((: <80 | <24: syntax error: operand expected (error token is "<80 | <24")
stty: 'standard input': Inappropriate ioctl for device
stty: 'standard input': Inappropriate ioctl for device
/usr/bin/bashtop: line 660: ((: <80 | <24: syntax error: operand expected (error token is "<80 | <24")
stty: 'standard input': Inappropriate ioctl for device
stty: 'standard input': Inappropriate ioctl for device
/usr/bin/bashtop: line 660: ((: <80 | <24: syntax error: operand expected (error token is "<80 | <24")
stty: 'standard input': Inappropriate ioctl for device
stty: 'standard input': Inappropriate ioctl for device
/usr/bin/bashtop: line 660: ((: <80 | <24: syntax error: operand expected (error token is "<80 | <24")
stty: 'standard input': Inappropriate ioctl for device
stty: 'standard input': Inappropriate ioctl for device
/usr/bin/bashtop: line 660: ((: <80 | <24: syntax error: operand expected (error token is "<80 | <24")
stty: 'standard input': Inappropriate ioctl for device
stty: 'standard input': Inappropriate ioctl for device
/usr/bin/bashtop: line 660: ((: <80 | <24: syntax error: operand expected (error token is "<80 | <24")
stty: 'standard input': Inappropriate ioctl for device
stty: 'standard input': Inappropriate ioctl for device
/usr/bin/bashtop: line 660: ((: <80 | <24: syntax error: operand expected (error token is "<80 | <24")
stty: 'standard input': Inappropriate ioctl for device
stty: 'standard input': Inappropriate ioctl for device
/usr/bin/bashtop: line 660: ((: <80 | <24: syntax error: operand expected (error token is "<80 | <24")
stty: 'standard input': Inappropriate ioctl for device
stty: 'standard input': Inappropriate ioctl for device
/usr/bin/bashtop: line 660: ((: <80 | <24: syntax error: operand expected (error token is "<80 | <24")
stty: 'standard input': Inappropriate ioctl for device
stty: 'standard input': Inappropriate ioctl for device
/usr/bin/bashtop: line 660: ((: <80 | <24: syntax error: operand expected (error token is "<80 | <24")
stty: 'standard input': Inappropriate ioctl for device
stty: 'standard input': Inappropriate ioctl for device
/usr/bin/bashtop: line 660: ((: <80 | <24: syntax error: operand expected (error token is "<80 | <24")
stty: 'standard input': Inappropriate ioctl for device
stty: 'standard input': Inappropriate ioctl for device
/usr/bin/bashtop: line 660: ((: <80 | <24: syntax error: operand expected (error token is "<80 | <24")
stty: 'standard input': Inappropriate ioctl for device
stty: 'standard input': Inappropriate ioctl for device
/usr/bin/bashtop: line 660: ((: <80 | <24: syntax error: operand expected (error token is "<80 | <24")
stty: 'standard input': Inappropriate ioctl for device
stty: 'standard input': Inappropriate ioctl for device
/usr/bin/bashtop: line 660: ((: <80 | <24: syntax error: operand expected (error token is "<80 | <24")
stty: 'standard input': Inappropriate ioctl for device
stty: 'standard input': Inappropriate ioctl for device
/usr/bin/bashtop: line 660: ((: <80 | <24: syntax error: operand expected (error token is "<80 | <24")
stty: 'standard input': Inappropriate ioctl for device
stty: 'standard input': Inappropriate ioctl for device
/usr/bin/bashtop: line 660: ((: <80 | <24: syntax error: operand expected (error token is "<80 | <24")
stty: 'standard input': Inappropriate ioctl for device
stty: 'standard input': Inappropriate ioctl for device
/usr/bin/bashtop: line 660: ((: <80 | <24: syntax error: operand expected (error token is "<80 | <24")
stty: 'standard input': Inappropriate ioctl for device
stty: 'standard input': Inappropriate ioctl for device
/usr/bin/bashtop: line 660: ((: <80 | <24: syntax error: operand expected (error token is "<80 | <24")
stty: 'standard input': Inappropriate ioctl for device
stty: 'standard input': Inappropriate ioctl for device
/usr/bin/bashtop: line 660: ((: <80 | <24: syntax error: operand expected (error token is "<80 | <24")
stty: 'standard input': Inappropriate ioctl for device
stty: 'standard input': Inappropriate ioctl for device
/usr/bin/bashtop: line 660: ((: <80 | <24: syntax error: operand expected (error token is "<80 | <24")
stty: 'standard input': Inappropriate ioctl for device
stty: 'standard input': Inappropriate ioctl for device
/usr/bin/bashtop: line 660: ((: <80 | <24: syntax error: operand expected (error token is "<80 | <24")
stty: 'standard input': Inappropriate ioctl for device
stty: 'standard input': Inappropriate ioctl for device
/usr/bin/bashtop: line 660: ((: <80 | <24: syntax error: operand expected (error token is "<80 | <24")
stty: 'standard input': Inappropriate ioctl for device
stty: 'standard input': Inappropriate ioctl for device
/usr/bin/bashtop: line 660: ((: <80 | <24: syntax error: operand expected (error token is "<80 | <24")
stty: 'standard input': Inappropriate ioctl for device
stty: 'standard input': Inappropriate ioctl for device
/usr/bin/bashtop: line 660: ((: <80 | <24: syntax error: operand expected (error token is "<80 | <24")
stty: 'standard input': Inappropriate ioctl for device
stty: 'standard input': Inappropriate ioctl for device
/usr/bin/bashtop: line 660: ((: <80 | <24: syntax error: operand expected (error token is "<80 | <24")
stty: 'standard input': Inappropriate ioctl for device
stty: 'standard input': Inappropriate ioctl for device
/usr/bin/bashtop: line 660: ((: <80 | <24: syntax error: operand expected (error token is "<80 | <24")
stty: 'standard input': Inappropriate ioctl for device
stty: 'standard input': Inappropriate ioctl for device
/usr/bin/bashtop: line 660: ((: <80 | <24: syntax error: operand expected (error token is "<80 | <24")
stty: 'standard input': Inappropriate ioctl for device
stty: 'standard input': Inappropriate ioctl for device
/usr/bin/bashtop: line 660: ((: <80 | <24: syntax error: operand expected (error token is "<80 | <24")
stty: 'standard input': Inappropriate ioctl for device
stty: 'standard input': Inappropriate ioctl for device
/usr/bin/bashtop: line 660: ((: <80 | <24: syntax error: operand expected (error token is "<80 | <24")
stty: 'standard input': Inappropriate ioctl for device
stty: 'standard input': Inappropriate ioctl for device
/usr/bin/bashtop: line 660: ((: <80 | <24: syntax error: operand expected (error token is "<80 | <24")
stty: 'standard input': Inappropriate ioctl for device
stty: 'standard input': Inappropriate ioctl for device
/usr/bin/bashtop: line 660: ((: <80 | <24: syntax error: operand expected (error token is "<80 | <24")
stty: 'standard input': Inappropriate ioctl for device
stty: 'standard input': Inappropriate ioctl for device
/usr/bin/bashtop: line 660: ((: <80 | <24: syntax error: operand expected (error token is "<80 | <24")
stty: 'standard input': Inappropriate ioctl for device
stty: 'standard input': Inappropriate ioctl for device
/usr/bin/bashtop: line 660: ((: <80 | <24: syntax error: operand expected (error token is "<80 | <24")
stty: 'standard input': Inappropriate ioctl for device
stty: 'standard input': Inappropriate ioctl for device
/usr/bin/bashtop: line 660: ((: <80 | <24: syntax error: operand expected (error token is "<80 | <24")
stty: 'standard input': Inappropriate ioctl for device
stty: 'standard input': Inappropriate ioctl for device
/usr/bin/bashtop: line 660: ((: <80 | <24: syntax error: operand expected (error token is "<80 | <24")
stty: 'standard input': Inappropriate ioctl for device
stty: 'standard input': Inappropriate ioctl for device
/usr/bin/bashtop: line 660: ((: <80 | <24: syntax error: operand expected (error token is "<80 | <24")
stty: 'standard input': Inappropriate ioctl for device
stty: 'standard input': Inappropriate ioctl for device
/usr/bin/bashtop: line 660: ((: <80 | <24: syntax error: operand expected (error token is "<80 | <24")
stty: 'standard input': Inappropriate ioctl for device
stty: 'standard input': Inappropriate ioctl for device
/usr/bin/bashtop: line 660: ((: <80 | <24: syntax error: operand expected (error token is "<80 | <24")
stty: 'standard input': Inappropriate ioctl for device
stty: 'standard input': Inappropriate ioctl for device
/usr/bin/bashtop: line 660: ((: <80 | <24: syntax error: operand expected (error token is "<80 | <24")
stty: 'standard input': Inappropriate ioctl for device
stty: 'standard input': Inappropriate ioctl for device
/usr/bin/bashtop: line 660: ((: <80 | <24: syntax error: operand expected (error token is "<80 | <24")
stty: 'standard input': Inappropriate ioctl for device
stty: 'standard input': Inappropriate ioctl for device
/usr/bin/bashtop: line 660: ((: <80 | <24: syntax error: operand expected (error token is "<80 | <24")
stty: 'standard input': Inappropriate ioctl for device
stty: 'standard input': Inappropriate ioctl for device
/usr/bin/bashtop: line 660: ((: <80 | <24: syntax error: operand expected (error token is "<80 | <24")
stty: 'standard input': Inappropriate ioctl for device
stty: 'standard input': Inappropriate ioctl for device
/usr/bin/bashtop: line 660: ((: <80 | <24: syntax error: operand expected (error token is "<80 | <24")
stty: 'standard input': Inappropriate ioctl for device
stty: 'standard input': Inappropriate ioctl for device
/usr/bin/bashtop: line 660: ((: <80 | <24: syntax error: operand expected (error token is "<80 | <24")
stty: 'standard input': Inappropriate ioctl for device
stty: 'standard input': Inappropriate ioctl for device
/usr/bin/bashtop: line 660: ((: <80 | <24: syntax error: operand expected (error token is "<80 | <24")
stty: 'standard input': Inappropriate ioctl for device
stty: 'standard input': Inappropriate ioctl for device
/usr/bin/bashtop: line 660: ((: <80 | <24: syntax error: operand expected (error token is "<80 | <24")
stty: 'standard input': Inappropriate ioctl for device
stty: 'standard input': Inappropriate ioctl for device
/usr/bin/bashtop: line 660: ((: <80 | <24: syntax error: operand expected (error token is "<80 | <24")
stty: 'standard input': Inappropriate ioctl for device
stty: 'standard input': Inappropriate ioctl for device
/usr/bin/bashtop: line 660: ((: <80 | <24: syntax error: operand expected (error token is "<80 | <24")
stty: 'standard input': Inappropriate ioctl for device
stty: 'standard input': Inappropriate ioctl for device
/usr/bin/bashtop: line 660: ((: <80 | <24: syntax error: operand expected (error token is "<80 | <24")
stty: 'standard input': Inappropriate ioctl for device
stty: 'standard input': Inappropriate ioctl for device
/usr/bin/bashtop: line 660: ((: <80 | <24: syntax error: operand expected (error token is "<80 | <24")
stty: 'standard input': Inappropriate ioctl for device
stty: 'standard input': Inappropriate ioctl for device
/usr/bin/bashtop: line 660: ((: <80 | <24: syntax error: operand expected (error token is "<80 | <24")
stty: 'standard input': Inappropriate ioctl for device
stty: 'standard input': Inappropriate ioctl for device
/usr/bin/bashtop: line 660: ((: <80 | <24: syntax error: operand expected (error token is "<80 | <24")
stty: 'standard input': Inappropriate ioctl for device
stty: 'standard input': Inappropriate ioctl for device
/usr/bin/bashtop: line 660: ((: <80 | <24: syntax error: operand expected (error token is "<80 | <24")
stty: 'standard input': Inappropriate ioctl for device
stty: 'standard input': Inappropriate ioctl for device
/usr/bin/bashtop: line 660: ((: <80 | <24: syntax error: operand expected (error token is "<80 | <24")
stty: 'standard input': Inappropriate ioctl for device
stty: 'standard input': Inappropriate ioctl for device
/usr/bin/bashtop: line 660: ((: <80 | <24: syntax error: operand expected (error token is "<80 | <24")
stty: 'standard input': Inappropriate ioctl for device
stty: 'standard input': Inappropriate ioctl for device
/usr/bin/bashtop: line 660: ((: <80 | <24: syntax error: operand expected (error token is "<80 | <24")
stty: 'standard input': Inappropriate ioctl for device
stty: 'standard input': Inappropriate ioctl for device
/usr/bin/bashtop: line 660: ((: <80 | <24: syntax error: operand expected (error token is "<80 | <24")
stty: 'standard input': Inappropriate ioctl for device
stty: 'standard input': Inappropriate ioctl for device
/usr/bin/bashtop: line 660: ((: <80 | <24: syntax error: operand expected (error token is "<80 | <24")
stty: 'standard input': Inappropriate ioctl for device
stty: 'standard input': Inappropriate ioctl for device
/usr/bin/bashtop: line 660: ((: <80 | <24: syntax error: operand expected (error token is "<80 | <24")
stty: 'standard input': Inappropriate ioctl for device
stty: 'standard input': Inappropriate ioctl for device
/usr/bin/bashtop: line 660: ((: <80 | <24: syntax error: operand expected (error token is "<80 | <24")
stty: 'standard input': Inappropriate ioctl for device
stty: 'standard input': Inappropriate ioctl for device
/usr/bin/bashtop: line 660: ((: <80 | <24: syntax error: operand expected (error token is "<80 | <24")
stty: 'standard input': Inappropriate ioctl for device
stty: 'standard input': Inappropriate ioctl for device
/usr/bin/bashtop: line 660: ((: <80 | <24: syntax error: operand expected (error token is "<80 | <24")
stty: 'standard input': Inappropriate ioctl for device
stty: 'standard input': Inappropriate ioctl for device
/usr/bin/bashtop: line 660: ((: <80 | <24: syntax error: operand expected (error token is "<80 | <24")
stty: 'standard input': Inappropriate ioctl for device
stty: 'standard input': Inappropriate ioctl for device
/usr/bin/bashtop: line 660: ((: <80 | <24: syntax error: operand expected (error token is "<80 | <24")
stty: 'standard input': Inappropriate ioctl for device
stty: 'standard input': Inappropriate ioctl for device
/usr/bin/bashtop: line 660: ((: <80 | <24: syntax error: operand expected (error token is "<80 | <24")
stty: 'standard input': Inappropriate ioctl for device
stty: 'standard input': Inappropriate ioctl for device
/usr/bin/bashtop: line 660: ((: <80 | <24: syntax error: operand expected (error token is "<80 | <24")
stty: 'standard input': Inappropriate ioctl for device
stty: 'standard input': Inappropriate ioctl for device
/usr/bin/bashtop: line 660: ((: <80 | <24: syntax error: operand expected (error token is "<80 | <24")
stty: 'standard input': Inappropriate ioctl for device
stty: 'standard input': Inappropriate ioctl for device
/usr/bin/bashtop: line 660: ((: <80 | <24: syntax error: operand expected (error token is "<80 | <24")
stty: 'standard input': Inappropriate ioctl for device
stty: 'standard input': Inappropriate ioctl for device
/usr/bin/bashtop: line 660: ((: <80 | <24: syntax error: operand expected (error token is "<80 | <24")
stty: 'standard input': Inappropriate ioctl for device
stty: 'standard input': Inappropriate ioctl for device
/usr/bin/bashtop: line 660: ((: <80 | <24: syntax error: operand expected (error token is "<80 | <24")
stty: 'standard input': Inappropriate ioctl for device
stty: 'standard input': Inappropriate ioctl for device
/usr/bin/bashtop: line 660: ((: <80 | <24: syntax error: operand expected (error token is "<80 | <24")
stty: 'standard input': Inappropriate ioctl for device
stty: 'standard input': Inappropriate ioctl for device
/usr/bin/bashtop: line 660: ((: <80 | <24: syntax error: operand expected (error token is "<80 | <24")
stty: 'standard input': Inappropriate ioctl for device
stty: 'standard input': Inappropriate ioctl for device
/usr/bin/bashtop: line 660: ((: <80 | <24: syntax error: operand expected (error token is "<80 | <24")
stty: 'standard input': Inappropriate ioctl for device
stty: 'standard input': Inappropriate ioctl for device
/usr/bin/bashtop: line 660: ((: <80 | <24: syntax error: operand expected (error token is "<80 | <24")
stty: 'standard input': Inappropriate ioctl for device
stty: 'standard input': Inappropriate ioctl for device
/usr/bin/bashtop: line 660: ((: <80 | <24: syntax error: operand expected (error token is "<80 | <24")
stty: 'standard input': Inappropriate ioctl for device
stty: 'standard input': Inappropriate ioctl for device
/usr/bin/bashtop: line 660: ((: <80 | <24: syntax error: operand expected (error token is "<80 | <24")
stty: 'standard input': Inappropriate ioctl for device
stty: 'standard input': Inappropriate ioctl for device
/usr/bin/bashtop: line 660: ((: <80 | <24: syntax error: operand expected (error token is "<80 | <24")
stty: 'standard input': Inappropriate ioctl for device
stty: 'standard input': Inappropriate ioctl for device
/usr/bin/bashtop: line 660: ((: <80 | <24: syntax error: operand expected (error token is "<80 | <24")
stty: 'standard input': Inappropriate ioctl for device
stty: 'standard input': Inappropriate ioctl for device
/usr/bin/bashtop: line 660: ((: <80 | <24: syntax error: operand expected (error token is "<80 | <24")
stty: 'standard input': Inappropriate ioctl for device
stty: 'standard input': Inappropriate ioctl for device
/usr/bin/bashtop: line 660: ((: <80 | <24: syntax error: operand expected (error token is "<80 | <24")
stty: 'standard input': Inappropriate ioctl for device
stty: 'standard input': Inappropriate ioctl for device
/usr/bin/bashtop: line 660: ((: <80 | <24: syntax error: operand expected (error token is "<80 | <24")
stty: 'standard input': Inappropriate ioctl for device
stty: 'standard input': Inappropriate ioctl for device
/usr/bin/bashtop: line 660: ((: <80 | <24: syntax error: operand expected (error token is "<80 | <24")
stty: 'standard input': Inappropriate ioctl for device
stty: 'standard input': Inappropriate ioctl for device
/usr/bin/bashtop: line 660: ((: <80 | <24: syntax error: operand expected (error token is "<80 | <24")
stty: 'standard input': Inappropriate ioctl for device
stty: 'standard input': Inappropriate ioctl for device
/usr/bin/bashtop: line 660: ((: <80 | <24: syntax error: operand expected (error token is "<80 | <24")
stty: 'standard input': Inappropriate ioctl for device
stty: 'standard input': Inappropriate ioctl for device
/usr/bin/bashtop: line 660: ((: <80 | <24: syntax error: operand expected (error token is "<80 | <24")
stty: 'standard input': Inappropriate ioctl for device
stty: 'standard input': Inappropriate ioctl for device
/usr/bin/bashtop: line 660: ((: <80 | <24: syntax error: operand expected (error token is "<80 | <24")
stty: 'standard input': Inappropriate ioctl for device
stty: 'standard input': Inappropriate ioctl for device
/usr/bin/bashtop: line 660: ((: <80 | <24: syntax error: operand expected (error token is "<80 | <24")
stty: 'standard input': Inappropriate ioctl for device
stty: 'standard input': Inappropriate ioctl for device
/usr/bin/bashtop: line 660: ((: <80 | <24: syntax error: operand expected (error token is "<80 | <24")
stty: 'standard input': Inappropriate ioctl for device
stty: 'standard input': Inappropriate ioctl for device
/usr/bin/bashtop: line 660: ((: <80 | <24: syntax error: operand expected (error token is "<80 | <24")
stty: 'standard input': Inappropriate ioctl for device
stty: 'standard input': Inappropriate ioctl for device
/usr/bin/bashtop: line 660: ((: <80 | <24: syntax error: operand expected (error token is "<80 | <24")
stty: 'standard input': Inappropriate ioctl for device
stty: 'standard input': Inappropriate ioctl for device
/usr/bin/bashtop: line 660: ((: <80 | <24: syntax error: operand expected (error token is "<80 | <24")
stty: 'standard input': Inappropriate ioctl for device
stty: 'standard input': Inappropriate ioctl for device
/usr/bin/bashtop: line 660: ((: <80 | <24: syntax error: operand expected (error token is "<80 | <24")
stty: 'standard input': Inappropriate ioctl for device
stty: 'standard input': Inappropriate ioctl for device
/usr/bin/bashtop: line 660: ((: <80 | <24: syntax error: operand expected (error token is "<80 | <24")
stty: 'standard input': Inappropriate ioctl for device
stty: 'standard input': Inappropriate ioctl for device
/usr/bin/bashtop: line 660: ((: <80 | <24: syntax error: operand expected (error token is "<80 | <24")
stty: 'standard input': Inappropriate ioctl for device
stty: 'standard input': Inappropriate ioctl for device
/usr/bin/bashtop: line 660: ((: <80 | <24: syntax error: operand expected (error token is "<80 | <24")
stty: 'standard input': Inappropriate ioctl for device
stty: 'standard input': Inappropriate ioctl for device
/usr/bin/bashtop: line 660: ((: <80 | <24: syntax error: operand expected (error token is "<80 | <24")
stty: 'standard input': Inappropriate ioctl for device
stty: 'standard input': Inappropriate ioctl for device
/usr/bin/bashtop: line 660: ((: <80 | <24: syntax error: operand expected (error token is "<80 | <24")
stty: 'standard input': Inappropriate ioctl for device
stty: 'standard input': Inappropriate ioctl for device
/usr/bin/bashtop: line 660: ((: <80 | <24: syntax error: operand expected (error token is "<80 | <24")
stty: 'standard input': Inappropriate ioctl for device
stty: 'standard input': Inappropriate ioctl for device
/usr/bin/bashtop: line 660: ((: <80 | <24: syntax error: operand expected (error token is "<80 | <24")
stty: 'standard input': Inappropriate ioctl for device
stty: 'standard input': Inappropriate ioctl for device
/usr/bin/bashtop: line 660: ((: <80 | <24: syntax error: operand expected (error token is "<80 | <24")
stty: 'standard input': Inappropriate ioctl for device
stty: 'standard input': Inappropriate ioctl for device
/usr/bin/bashtop: line 660: ((: <80 | <24: syntax error: operand expected (error token is "<80 | <24")
stty: 'standard input': Inappropriate ioctl for device
stty: 'standard input': Inappropriate ioctl for device
/usr/bin/bashtop: line 660: ((: <80 | <24: syntax error: operand expected (error token is "<80 | <24")
stty: 'standard input': Inappropriate ioctl for device
stty: 'standard input': Inappropriate ioctl for device
/usr/bin/bashtop: line 660: ((: <80 | <24: syntax error: operand expected (error token is "<80 | <24")
stty: 'standard input': Inappropriate ioctl for device
stty: 'standard input': Inappropriate ioctl for device
/usr/bin/bashtop: line 660: ((: <80 | <24: syntax error: operand expected (error token is "<80 | <24")
stty: 'standard input': Inappropriate ioctl for device
stty: 'standard input': Inappropriate ioctl for device
/usr/bin/bashtop: line 660: ((: <80 | <24: syntax error: operand expected (error token is "<80 | <24")
stty: 'standard input': Inappropriate ioctl for device
stty: 'standard input': Inappropriate ioctl for device
/usr/bin/bashtop: line 660: ((: <80 | <24: syntax error: operand expected (error token is "<80 | <24")
stty: 'standard input': Inappropriate ioctl for device
stty: 'standard input': Inappropriate ioctl for device
/usr/bin/bashtop: line 660: ((: <80 | <24: syntax error: operand expected (error token is "<80 | <24")
Terminated
 
New instance of bashtop version: 0.9.25 Pid: 2137
 
New instance of bashtop version: 0.9.25 Pid: 5577
 
New instance of bashtop version: 0.9.25 Pid: 1118
 
New instance of bashtop version: 0.9.25 Pid: 8779
 
New instance of bashtop version: 0.9.25 Pid: 2338
 
New instance of bashtop version: 0.9.25 Pid: 1111
Signal 15 (TERM) caught by ps (3.3.17).
ps:ps/display.c:70: please report this bug
 
New instance of bashtop version: 0.9.25 Pid: 3636
 
New instance of bashtop version: 0.9.25 Pid: 5948
 
New instance of bashtop version: 0.9.25 Pid: 9058
 
New instance of bashtop version: 0.9.25 Pid: 4259
 
New instance of bashtop version: 0.9.25 Pid: 1855
 
New instance of bashtop version: 0.9.25 Pid: 1478
 
New instance of bashtop version: 0.9.25 Pid: 60971
 
New instance of bashtop version: 0.9.25 Pid: 138183
 
New instance of bashtop version: 0.9.25 Pid: 4229
 
New instance of bashtop version: 0.9.25 Pid: 41188
 
New instance of bashtop version: 0.9.25 Pid: 44597
 
New instance of bashtop version: 0.9.25 Pid: 44800
 
New instance of bashtop version: 0.9.25 Pid: 45639
 
New instance of bashtop version: 0.9.25 Pid: 45952
 
New instance of bashtop version: 0.9.25 Pid: 2836
 
New instance of bashtop version: 0.9.25 Pid: 6141
 
New instance of bashtop version: 0.9.25 Pid: 24219
 
New instance of bashtop version: 0.9.25 Pid: 14922
 
New instance of bashtop version: 0.9.25 Pid: 2131
Signal 15 (TERM) caught by ps (3.3.17).
ps:ps/display.c:70: please report this bug
 
New instance of bashtop version: 0.9.25 Pid: 8227
